[   29188ms] [ERROR] Failed to load resource: net::ERR_CONNECTION_RESET @ http://localhost:3000/_next/static/chunks/%5Broot-of-the-server%5D__712e5290._.css:0
[   29218ms] [ERROR] Failed to load resource: net::ERR_CONNECTION_RESET @ http://localhost:3000/_next/static/chunks/%5Bturbopack%5D_browser_dev_hmr-client_hmr-client_ts_ea47cb00._.js:0
[   29220ms] [ERROR] Failed to load resource: net::ERR_CONNECTION_RESET @ http://localhost:3000/_next/static/chunks/41cab_next_dist_compiled_react-dom_9fb44eb6._.js:0
[   29220ms] [ERROR] Failed to load resource: net::ERR_CONNECTION_RESET @ http://localhost:3000/_next/static/chunks/41cab_next_dist_compiled_react-server-dom-turbopack_82796411._.js:0
[   29220ms] [ERROR] Failed to load resource: net::ERR_CONNECTION_RESET @ http://localhost:3000/_next/static/chunks/41cab_next_dist_compiled_next-devtools_index_dfd2fed9.js:0
[   29220ms] [ERROR] Failed to load resource: net::ERR_CONNECTION_RESET @ http://localhost:3000/_next/static/chunks/41cab_next_dist_compiled_338d49d0._.js:0
[   29220ms] [ERROR] Failed to load resource: net::ERR_CONNECTION_REFUSED @ http://localhost:3000/_next/static/chunks/41cab_next_dist_client_08acc968._.js:0
[   29220ms] [ERROR] Failed to load resource: net::ERR_CONNECTION_REFUSED @ http://localhost:3000/_next/static/chunks/41cab_next_dist_f2f6a5d1._.js:0
[   29220ms] [ERROR] Failed to load resource: net::ERR_CONNECTION_REFUSED @ http://localhost:3000/_next/static/chunks/69652_%40swc_helpers_cjs_679851cc._.js:0
[   29220ms] [ERROR] Failed to load resource: net::ERR_CONNECTION_REFUSED @ http://localhost:3000/_next/static/chunks/apps_crm_a0ff3932._.js:0
[   29220ms] [ERROR] Failed to load resource: net::ERR_CONNECTION_REFUSED @ http://localhost:3000/_next/static/chunks/turbopack-apps_crm_267e91b5._.js:0
[   29220ms] [ERROR] Failed to load resource: net::ERR_CONNECTION_REFUSED @ http://localhost:3000/_next/static/chunks/41cab_next_dist_e7a3fa14._.js:0
[   29220ms] [ERROR] Failed to load resource: net::ERR_CONNECTION_REFUSED @ http://localhost:3000/_next/static/chunks/apps_crm_src_app_icon_svg_mjs_dfe6b899._.js:0
[   29220ms] [ERROR] Failed to load resource: net::ERR_CONNECTION_REFUSED @ http://localhost:3000/_next/static/chunks/node_modules__pnpm_a899fd76._.js:0
[   29220ms] [ERROR] Failed to load resource: net::ERR_CONNECTION_REFUSED @ http://localhost:3000/_next/static/chunks/apps_crm_src_app_global-error_tsx_3a75a2a9._.js:0
[   29220ms] [ERROR] Failed to load resource: net::ERR_CONNECTION_REFUSED @ http://localhost:3000/_next/static/chunks/apps_crm_src_app_global-error_tsx_1bf09808._.js:0
[   29220ms] [ERROR] Failed to load resource: net::ERR_CONNECTION_REFUSED @ http://localhost:3000/_next/static/chunks/925e5_%40clerk_nextjs_dist_esm_app-router_ed9647c2._.js:0
[   29220ms] [ERROR] Failed to load resource: net::ERR_CONNECTION_REFUSED @ http://localhost:3000/_next/static/chunks/a1439_%40tanstack_query-core_build_modern_1d0f6774._.js:0
[   29220ms] [ERROR] Failed to load resource: net::ERR_CONNECTION_REFUSED @ http://localhost:3000/_next/static/chunks/93288_%40trpc_client_dist_3da78f8a._.js:0
[   29220ms] [ERROR] Failed to load resource: net::ERR_CONNECTION_REFUSED @ http://localhost:3000/_next/static/chunks/dcdbe_%40trpc_server_dist_96fcf3d1._.js:0
[   29220ms] [ERROR] Failed to load resource: net::ERR_CONNECTION_REFUSED @ http://localhost:3000/_next/static/chunks/16b14_%40clerk_shared_dist_runtime_50e6afc6._.js:0
[   29245ms] [ERROR] Failed to load resource: net::ERR_CONNECTION_REFUSED @ http://localhost:3000/_next/static/chunks/d8277_swr_dist_3458586b._.js:0
[   29245ms] [ERROR] Failed to load resource: net::ERR_CONNECTION_REFUSED @ http://localhost:3000/_next/static/chunks/063d4_%40clerk_clerk-react_dist_22b77d15._.js:0
[   29245ms] [ERROR] Failed to load resource: net::ERR_CONNECTION_REFUSED @ http://localhost:3000/_next/static/chunks/925e5_%40clerk_nextjs_dist_esm_c31c3075._.js:0
[   29245ms] [ERROR] Failed to load resource: net::ERR_CONNECTION_REFUSED @ http://localhost:3000/_next/static/chunks/node_modules__pnpm_8225462d._.js:0
[   29245ms] [ERROR] Failed to load resource: net::ERR_CONNECTION_REFUSED @ http://localhost:3000/_next/static/chunks/apps_crm_src_47cba4d6._.js:0
[   29245ms] [ERROR] Failed to load resource: net::ERR_CONNECTION_REFUSED @ http://localhost:3000/_next/static/chunks/apps_crm_src_app_layout_tsx_1bf09808._.js:0
[   29245ms] [ERROR] Failed to load resource: net::ERR_CONNECTION_REFUSED @ http://localhost:3000/_next/static/chunks/apps_crm_src_components_ui_70e17a77._.js:0
[   29245ms] [ERROR] Failed to load resource: net::ERR_CONNECTION_REFUSED @ http://localhost:3000/_next/static/chunks/apps_crm_src_components_bookings_15265215._.js:0
[   29245ms] [ERROR] Failed to load resource: net::ERR_CONNECTION_REFUSED @ http://localhost:3000/_next/static/chunks/apps_crm_src_components_layout_8aaa472c._.js:0
[   29245ms] [ERROR] Failed to load resource: net::ERR_CONNECTION_REFUSED @ http://localhost:3000/_next/static/chunks/apps_crm_src_components_panels_d2236460._.js:0
[   29245ms] [ERROR] Failed to load resource: net::ERR_CONNECTION_REFUSED @ http://localhost:3000/_next/static/chunks/apps_crm_src_components_onboarding_78c5995e._.js:0
[   29245ms] [ERROR] Failed to load resource: net::ERR_CONNECTION_REFUSED @ http://localhost:3000/_next/static/chunks/apps_crm_src_components_command-palette_tsx_71df5014._.js:0
[   29245ms] [ERROR] Failed to load resource: net::ERR_CONNECTION_REFUSED @ http://localhost:3000/_next/static/chunks/apps_crm_src_components_beda298b._.js:0
[   29245ms] [ERROR] Failed to load resource: net::ERR_CONNECTION_REFUSED @ http://localhost:3000/_next/static/chunks/apps_crm_src_3176c446._.js:0
[   29245ms] [ERROR] Failed to load resource: net::ERR_CONNECTION_REFUSED @ http://localhost:3000/_next/static/chunks/node_modules__pnpm_844ae9d8._.js:0
[   29245ms] [ERROR] Failed to load resource: net::ERR_CONNECTION_REFUSED @ http://localhost:3000/_next/static/chunks/apps_crm_src_app_org_%5Bslug%5D_(dashboard)_layout_tsx_a7877324._.js:0
[   29245ms] [ERROR] Failed to load resource: net::ERR_CONNECTION_REFUSED @ http://localhost:3000/_next/static/chunks/apps_crm_src_4f60f1b1._.js:0
[   29245ms] [ERROR] Failed to load resource: net::ERR_CONNECTION_REFUSED @ http://localhost:3000/_next/static/chunks/node_modules__pnpm_2d069079._.js:0
[   29245ms] [ERROR] Failed to load resource: net::ERR_CONNECTION_REFUSED @ http://localhost:3000/_next/static/chunks/apps_crm_src_app_org_%5Bslug%5D_(dashboard)_command-center_page_tsx_57b8e5c0._.js:0
[   29245ms] [ERROR] Failed to load resource: net::ERR_CONNECTION_REFUSED @ http://localhost:3000/_next/static/chunks/apps_crm_src_components_ui_skeleton_tsx_b44afbca._.js:0
[   29245ms] [ERROR] Failed to load resource: net::ERR_CONNECTION_REFUSED @ http://localhost:3000/_next/static/chunks/apps_crm_src_app_org_%5Bslug%5D_(dashboard)_command-center_loading_tsx_57b8e5c0._.js:0
[   29245ms] [ERROR] Failed to load resource: net::ERR_CONNECTION_REFUSED @ http://localhost:3000/_next/static/chunks/apps_crm_src_app_org_%5Bslug%5D_(dashboard)_not-found_tsx_57b8e5c0._.js:0
[   29245ms] [ERROR] Failed to load resource: net::ERR_CONNECTION_REFUSED @ http://localhost:3000/_next/static/chunks/node_modules__pnpm_5989af02._.js:0
[   29246ms] [ERROR] Failed to load resource: net::ERR_CONNECTION_REFUSED @ http://localhost:3000/_next/static/chunks/apps_crm_src_app_org_%5Bslug%5D_(dashboard)_error_tsx_28690adf._.js:0
[   29246ms] [ERROR] Failed to load resource: net::ERR_CONNECTION_REFUSED @ http://localhost:3000/_next/static/chunks/apps_crm_src_app_org_%5Bslug%5D_(dashboard)_error_tsx_57b8e5c0._.js:0
[   32316ms] [WARNING] The resource http://localhost:3000/_next/static/media/f06bf9da926bae75-s.p.c68a79fb.woff2 was preloaded using link preload but not used within a few seconds from the window's load event. Please make sure it has an appropriate `as` value and it is preloaded intentionally. @ http://localhost:3000/org/demo-tours/command-center?date=2026-02-09:0
[   32317ms] [WARNING] The resource http://localhost:3000/_next/static/media/70bc3e132a0a741e-s.p.15008bfb.woff2 was preloaded using link preload but not used within a few seconds from the window's load event. Please make sure it has an appropriate `as` value and it is preloaded intentionally. @ http://localhost:3000/org/demo-tours/command-center?date=2026-02-09:0
