[ 2045648ms] [ERROR] %o

%s ReferenceError: isEditing is not defined
    at CommandCenterContent (http://localhost:3000/_next/static/chunks/apps_crm_src_9b8ba1ab._.js?id=%255Bproject%255D%252Fapps%252Fcrm%252Fsrc%252Fcomponents%252Fcommand-center%252Fcommand-center.tsx+%255Bapp-client%255D+%2528ecmascript%2529:830:32)
    at Object.react_stack_bottom_frame (http://localhost:3000/_next/static/chunks/41cab_next_dist_compiled_react-dom_9fb44eb6._.js:14826:24)
    at renderWithHooks (http://localhost:3000/_next/static/chunks/41cab_next_dist_compiled_react-dom_9fb44eb6._.js:4651:24)
    at updateFunctionComponent (http://localhost:3000/_next/static/chunks/41cab_next_dist_compiled_react-dom_9fb44eb6._.js:6112:21)
    at beginWork (http://localhost:3000/_next/static/chunks/41cab_next_dist_compiled_react-dom_9fb44eb6._.js:6708:24)
    at runWithFiberInDEV (http://localhost:3000/_next/static/chunks/41cab_next_dist_compiled_react-dom_9fb44eb6._.js:965:74)
    at performUnitOfWork (http://localhost:3000/_next/static/chunks/41cab_next_dist_compiled_react-dom_9fb44eb6._.js:9562:97)
    at workLoopSync (http://localhost:3000/_next/static/chunks/41cab_next_dist_compiled_react-dom_9fb44eb6._.js:9456:40)
    at renderRootSync (http://localhost:3000/_next/static/chunks/41cab_next_dist_compiled_react-dom_9fb44eb6._.js:9440:13)
    at performWorkOnRoot (http://localhost:3000/_next/static/chunks/41cab_next_dist_compiled_react-dom_9fb44eb6._.js:9105:47)
    at performSyncWorkOnRoot (http://localhost:3000/_next/static/chunks/41cab_next_dist_compiled_react-dom_9fb44eb6._.js:10238:9)
    at flushSyncWorkAcrossRoots_impl (http://localhost:3000/_next/static/chunks/41cab_next_dist_compiled_react-dom_9fb44eb6._.js:10154:316)
    at flushSyncWork$1 (http://localhost:3000/_next/static/chunks/41cab_next_dist_compiled_react-dom_9fb44eb6._.js:9237:86)
    at Object.scheduleRefresh (http://localhost:3000/_next/static/chunks/41cab_next_dist_compiled_react-dom_9fb44eb6._.js:299:13)
    at http://localhost:3000/_next/static/chunks/41cab_next_dist_compiled_338d49d0._.js:391:33
    at Set.forEach (<anonymous>)
    at Object.performReactRefresh (http://localhost:3000/_next/static/chunks/41cab_next_dist_compiled_338d49d0._.js:384:38)
    at applyUpdate (http://localhost:3000/_next/static/chunks/41cab_next_dist_compiled_338d49d0._.js:878:31)
    at http://localhost:3000/_next/static/chunks/41cab_next_dist_compiled_338d49d0._.js:886:13 The above error occurred in the <CommandCenterContent> component. It was handled by the <ErrorBoundaryHandler> error boundary. @ http://localhost:3000/_next/static/chunks/41cab_next_dist_client_08acc968._.js:1342
[ 2045661ms] [ERROR] Dashboard error: ReferenceError: isEditing is not defined
    at CommandCenterContent (http://localhost:3000/_next/static/chunks/apps_crm_src_9b8ba1ab._.js?id=%255Bproject%255D%252Fapps%252Fcrm%252Fsrc%252Fcomponents%252Fcommand-center%252Fcommand-center.tsx+%255Bapp-client%255D+%2528ecmascript%2529:830:32)
    at Object.react_stack_bottom_frame (http://localhost:3000/_next/static/chunks/41cab_next_dist_compiled_react-dom_9fb44eb6._.js:14826:24)
    at renderWithHooks (http://localhost:3000/_next/static/chunks/41cab_next_dist_compiled_react-dom_9fb44eb6._.js:4651:24)
    at updateFunctionComponent (http://localhost:3000/_next/static/chunks/41cab_next_dist_compiled_react-dom_9fb44eb6._.js:6112:21)
    at beginWork (http://localhost:3000/_next/static/chunks/41cab_next_dist_compiled_react-dom_9fb44eb6._.js:6708:24)
    at runWithFiberInDEV (http://localhost:3000/_next/static/chunks/41cab_next_dist_compiled_react-dom_9fb44eb6._.js:965:74)
    at performUnitOfWork (http://localhost:3000/_next/static/chunks/41cab_next_dist_compiled_react-dom_9fb44eb6._.js:9562:97)
    at workLoopSync (http://localhost:3000/_next/static/chunks/41cab_next_dist_compiled_react-dom_9fb44eb6._.js:9456:40)
    at renderRootSync (http://localhost:3000/_next/static/chunks/41cab_next_dist_compiled_react-dom_9fb44eb6._.js:9440:13)
    at performWorkOnRoot (http://localhost:3000/_next/static/chunks/41cab_next_dist_compiled_react-dom_9fb44eb6._.js:9105:47)
    at performSyncWorkOnRoot (http://localhost:3000/_next/static/chunks/41cab_next_dist_compiled_react-dom_9fb44eb6._.js:10238:9)
    at flushSyncWorkAcrossRoots_impl (http://localhost:3000/_next/static/chunks/41cab_next_dist_compiled_react-dom_9fb44eb6._.js:10154:316)
    at flushSyncWork$1 (http://localhost:3000/_next/static/chunks/41cab_next_dist_compiled_react-dom_9fb44eb6._.js:9237:86)
    at Object.scheduleRefresh (http://localhost:3000/_next/static/chunks/41cab_next_dist_compiled_react-dom_9fb44eb6._.js:299:13)
    at http://localhost:3000/_next/static/chunks/41cab_next_dist_compiled_338d49d0._.js:391:33
    at Set.forEach (<anonymous>)
    at Object.performReactRefresh (http://localhost:3000/_next/static/chunks/41cab_next_dist_compiled_338d49d0._.js:384:38)
    at applyUpdate (http://localhost:3000/_next/static/chunks/41cab_next_dist_compiled_338d49d0._.js:878:31)
    at http://localhost:3000/_next/static/chunks/41cab_next_dist_compiled_338d49d0._.js:886:13 @ http://localhost:3000/_next/static/chunks/41cab_next_dist_f2f6a5d1._.js:3127
[ 2045663ms] [ERROR] Dashboard error: ReferenceError: isEditing is not defined
    at CommandCenterContent (http://localhost:3000/_next/static/chunks/apps_crm_src_9b8ba1ab._.js?id=%255Bproject%255D%252Fapps%252Fcrm%252Fsrc%252Fcomponents%252Fcommand-center%252Fcommand-center.tsx+%255Bapp-client%255D+%2528ecmascript%2529:830:32)
    at Object.react_stack_bottom_frame (http://localhost:3000/_next/static/chunks/41cab_next_dist_compiled_react-dom_9fb44eb6._.js:14826:24)
    at renderWithHooks (http://localhost:3000/_next/static/chunks/41cab_next_dist_compiled_react-dom_9fb44eb6._.js:4651:24)
    at updateFunctionComponent (http://localhost:3000/_next/static/chunks/41cab_next_dist_compiled_react-dom_9fb44eb6._.js:6112:21)
    at beginWork (http://localhost:3000/_next/static/chunks/41cab_next_dist_compiled_react-dom_9fb44eb6._.js:6708:24)
    at runWithFiberInDEV (http://localhost:3000/_next/static/chunks/41cab_next_dist_compiled_react-dom_9fb44eb6._.js:965:74)
    at performUnitOfWork (http://localhost:3000/_next/static/chunks/41cab_next_dist_compiled_react-dom_9fb44eb6._.js:9562:97)
    at workLoopSync (http://localhost:3000/_next/static/chunks/41cab_next_dist_compiled_react-dom_9fb44eb6._.js:9456:40)
    at renderRootSync (http://localhost:3000/_next/static/chunks/41cab_next_dist_compiled_react-dom_9fb44eb6._.js:9440:13)
    at performWorkOnRoot (http://localhost:3000/_next/static/chunks/41cab_next_dist_compiled_react-dom_9fb44eb6._.js:9105:47)
    at performSyncWorkOnRoot (http://localhost:3000/_next/static/chunks/41cab_next_dist_compiled_react-dom_9fb44eb6._.js:10238:9)
    at flushSyncWorkAcrossRoots_impl (http://localhost:3000/_next/static/chunks/41cab_next_dist_compiled_react-dom_9fb44eb6._.js:10154:316)
    at flushSyncWork$1 (http://localhost:3000/_next/static/chunks/41cab_next_dist_compiled_react-dom_9fb44eb6._.js:9237:86)
    at Object.scheduleRefresh (http://localhost:3000/_next/static/chunks/41cab_next_dist_compiled_react-dom_9fb44eb6._.js:299:13)
    at http://localhost:3000/_next/static/chunks/41cab_next_dist_compiled_338d49d0._.js:391:33
    at Set.forEach (<anonymous>)
    at Object.performReactRefresh (http://localhost:3000/_next/static/chunks/41cab_next_dist_compiled_338d49d0._.js:384:38)
    at applyUpdate (http://localhost:3000/_next/static/chunks/41cab_next_dist_compiled_338d49d0._.js:878:31)
    at http://localhost:3000/_next/static/chunks/41cab_next_dist_compiled_338d49d0._.js:886:13 @ http://localhost:3000/_next/static/chunks/41cab_next_dist_f2f6a5d1._.js:3127
[ 2045806ms] [ERROR] %o

%s ReferenceError: isEditing is not defined
    at CommandCenterContent (http://localhost:3000/_next/static/chunks/apps_crm_src_9b8ba1ab._.js?id=%255Bproject%255D%252Fapps%252Fcrm%252Fsrc%252Fcomponents%252Fcommand-center%252Fcommand-center.tsx+%255Bapp-client%255D+%2528ecmascript%2529:830:32)
    at Object.react_stack_bottom_frame (http://localhost:3000/_next/static/chunks/41cab_next_dist_compiled_react-dom_9fb44eb6._.js:14826:24)
    at renderWithHooks (http://localhost:3000/_next/static/chunks/41cab_next_dist_compiled_react-dom_9fb44eb6._.js:4651:24)
    at updateFunctionComponent (http://localhost:3000/_next/static/chunks/41cab_next_dist_compiled_react-dom_9fb44eb6._.js:6112:21)
    at beginWork (http://localhost:3000/_next/static/chunks/41cab_next_dist_compiled_react-dom_9fb44eb6._.js:6708:24)
    at runWithFiberInDEV (http://localhost:3000/_next/static/chunks/41cab_next_dist_compiled_react-dom_9fb44eb6._.js:965:74)
    at performUnitOfWork (http://localhost:3000/_next/static/chunks/41cab_next_dist_compiled_react-dom_9fb44eb6._.js:9562:97)
    at workLoopSync (http://localhost:3000/_next/static/chunks/41cab_next_dist_compiled_react-dom_9fb44eb6._.js:9456:40)
    at renderRootSync (http://localhost:3000/_next/static/chunks/41cab_next_dist_compiled_react-dom_9fb44eb6._.js:9440:13)
    at performWorkOnRoot (http://localhost:3000/_next/static/chunks/41cab_next_dist_compiled_react-dom_9fb44eb6._.js:9105:47)
    at performSyncWorkOnRoot (http://localhost:3000/_next/static/chunks/41cab_next_dist_compiled_react-dom_9fb44eb6._.js:10238:9)
    at flushSyncWorkAcrossRoots_impl (http://localhost:3000/_next/static/chunks/41cab_next_dist_compiled_react-dom_9fb44eb6._.js:10154:316)
    at flushSyncWork$1 (http://localhost:3000/_next/static/chunks/41cab_next_dist_compiled_react-dom_9fb44eb6._.js:9237:86)
    at Object.scheduleRefresh (http://localhost:3000/_next/static/chunks/41cab_next_dist_compiled_react-dom_9fb44eb6._.js:299:13)
    at http://localhost:3000/_next/static/chunks/41cab_next_dist_compiled_338d49d0._.js:391:33
    at Set.forEach (<anonymous>)
    at Object.performReactRefresh (http://localhost:3000/_next/static/chunks/41cab_next_dist_compiled_338d49d0._.js:384:38)
    at applyUpdate (http://localhost:3000/_next/static/chunks/41cab_next_dist_compiled_338d49d0._.js:878:31)
    at http://localhost:3000/_next/static/chunks/41cab_next_dist_compiled_338d49d0._.js:886:13 The above error occurred in the <CommandCenterContent> component. It was handled by the <ErrorBoundaryHandler> error boundary. @ http://localhost:3000/_next/static/chunks/41cab_next_dist_client_08acc968._.js:1342
[ 2045808ms] [ERROR] Dashboard error: ReferenceError: isEditing is not defined
    at CommandCenterContent (http://localhost:3000/_next/static/chunks/apps_crm_src_9b8ba1ab._.js?id=%255Bproject%255D%252Fapps%252Fcrm%252Fsrc%252Fcomponents%252Fcommand-center%252Fcommand-center.tsx+%255Bapp-client%255D+%2528ecmascript%2529:830:32)
    at Object.react_stack_bottom_frame (http://localhost:3000/_next/static/chunks/41cab_next_dist_compiled_react-dom_9fb44eb6._.js:14826:24)
    at renderWithHooks (http://localhost:3000/_next/static/chunks/41cab_next_dist_compiled_react-dom_9fb44eb6._.js:4651:24)
    at updateFunctionComponent (http://localhost:3000/_next/static/chunks/41cab_next_dist_compiled_react-dom_9fb44eb6._.js:6112:21)
    at beginWork (http://localhost:3000/_next/static/chunks/41cab_next_dist_compiled_react-dom_9fb44eb6._.js:6708:24)
    at runWithFiberInDEV (http://localhost:3000/_next/static/chunks/41cab_next_dist_compiled_react-dom_9fb44eb6._.js:965:74)
    at performUnitOfWork (http://localhost:3000/_next/static/chunks/41cab_next_dist_compiled_react-dom_9fb44eb6._.js:9562:97)
    at workLoopSync (http://localhost:3000/_next/static/chunks/41cab_next_dist_compiled_react-dom_9fb44eb6._.js:9456:40)
    at renderRootSync (http://localhost:3000/_next/static/chunks/41cab_next_dist_compiled_react-dom_9fb44eb6._.js:9440:13)
    at performWorkOnRoot (http://localhost:3000/_next/static/chunks/41cab_next_dist_compiled_react-dom_9fb44eb6._.js:9105:47)
    at performSyncWorkOnRoot (http://localhost:3000/_next/static/chunks/41cab_next_dist_compiled_react-dom_9fb44eb6._.js:10238:9)
    at flushSyncWorkAcrossRoots_impl (http://localhost:3000/_next/static/chunks/41cab_next_dist_compiled_react-dom_9fb44eb6._.js:10154:316)
    at flushSyncWork$1 (http://localhost:3000/_next/static/chunks/41cab_next_dist_compiled_react-dom_9fb44eb6._.js:9237:86)
    at Object.scheduleRefresh (http://localhost:3000/_next/static/chunks/41cab_next_dist_compiled_react-dom_9fb44eb6._.js:299:13)
    at http://localhost:3000/_next/static/chunks/41cab_next_dist_compiled_338d49d0._.js:391:33
    at Set.forEach (<anonymous>)
    at Object.performReactRefresh (http://localhost:3000/_next/static/chunks/41cab_next_dist_compiled_338d49d0._.js:384:38)
    at applyUpdate (http://localhost:3000/_next/static/chunks/41cab_next_dist_compiled_338d49d0._.js:878:31)
    at http://localhost:3000/_next/static/chunks/41cab_next_dist_compiled_338d49d0._.js:886:13 @ http://localhost:3000/_next/static/chunks/41cab_next_dist_f2f6a5d1._.js:3127
[ 2049004ms] [ERROR] %o

%s ReferenceError: setIsEditing is not defined
    at CommandCenterContent (http://localhost:3000/_next/static/chunks/apps_crm_src_9b8ba1ab._.js?id=%255Bproject%255D%252Fapps%252Fcrm%252Fsrc%252Fcomponents%252Fcommand-center%252Fcommand-center.tsx+%255Bapp-client%255D+%2528ecmascript%2529:823:38)
    at Object.react_stack_bottom_frame (http://localhost:3000/_next/static/chunks/41cab_next_dist_compiled_react-dom_9fb44eb6._.js:14826:24)
    at renderWithHooks (http://localhost:3000/_next/static/chunks/41cab_next_dist_compiled_react-dom_9fb44eb6._.js:4651:24)
    at updateFunctionComponent (http://localhost:3000/_next/static/chunks/41cab_next_dist_compiled_react-dom_9fb44eb6._.js:6112:21)
    at beginWork (http://localhost:3000/_next/static/chunks/41cab_next_dist_compiled_react-dom_9fb44eb6._.js:6708:24)
    at runWithFiberInDEV (http://localhost:3000/_next/static/chunks/41cab_next_dist_compiled_react-dom_9fb44eb6._.js:965:74)
    at performUnitOfWork (http://localhost:3000/_next/static/chunks/41cab_next_dist_compiled_react-dom_9fb44eb6._.js:9562:97)
    at workLoopSync (http://localhost:3000/_next/static/chunks/41cab_next_dist_compiled_react-dom_9fb44eb6._.js:9456:40)
    at renderRootSync (http://localhost:3000/_next/static/chunks/41cab_next_dist_compiled_react-dom_9fb44eb6._.js:9440:13)
    at performWorkOnRoot (http://localhost:3000/_next/static/chunks/41cab_next_dist_compiled_react-dom_9fb44eb6._.js:9105:47)
    at performSyncWorkOnRoot (http://localhost:3000/_next/static/chunks/41cab_next_dist_compiled_react-dom_9fb44eb6._.js:10238:9)
    at flushSyncWorkAcrossRoots_impl (http://localhost:3000/_next/static/chunks/41cab_next_dist_compiled_react-dom_9fb44eb6._.js:10154:316)
    at flushSyncWork$1 (http://localhost:3000/_next/static/chunks/41cab_next_dist_compiled_react-dom_9fb44eb6._.js:9237:86)
    at Object.scheduleRefresh (http://localhost:3000/_next/static/chunks/41cab_next_dist_compiled_react-dom_9fb44eb6._.js:299:13)
    at http://localhost:3000/_next/static/chunks/41cab_next_dist_compiled_338d49d0._.js:391:33
    at Set.forEach (<anonymous>)
    at Object.performReactRefresh (http://localhost:3000/_next/static/chunks/41cab_next_dist_compiled_338d49d0._.js:384:38)
    at applyUpdate (http://localhost:3000/_next/static/chunks/41cab_next_dist_compiled_338d49d0._.js:878:31)
    at http://localhost:3000/_next/static/chunks/41cab_next_dist_compiled_338d49d0._.js:886:13 The above error occurred in the <CommandCenterContent> component. It was handled by the <ErrorBoundaryHandler> error boundary. @ http://localhost:3000/_next/static/chunks/41cab_next_dist_client_08acc968._.js:1342
[ 2049007ms] [ERROR] Dashboard error: ReferenceError: setIsEditing is not defined
    at CommandCenterContent (http://localhost:3000/_next/static/chunks/apps_crm_src_9b8ba1ab._.js?id=%255Bproject%255D%252Fapps%252Fcrm%252Fsrc%252Fcomponents%252Fcommand-center%252Fcommand-center.tsx+%255Bapp-client%255D+%2528ecmascript%2529:823:38)
    at Object.react_stack_bottom_frame (http://localhost:3000/_next/static/chunks/41cab_next_dist_compiled_react-dom_9fb44eb6._.js:14826:24)
    at renderWithHooks (http://localhost:3000/_next/static/chunks/41cab_next_dist_compiled_react-dom_9fb44eb6._.js:4651:24)
    at updateFunctionComponent (http://localhost:3000/_next/static/chunks/41cab_next_dist_compiled_react-dom_9fb44eb6._.js:6112:21)
    at beginWork (http://localhost:3000/_next/static/chunks/41cab_next_dist_compiled_react-dom_9fb44eb6._.js:6708:24)
    at runWithFiberInDEV (http://localhost:3000/_next/static/chunks/41cab_next_dist_compiled_react-dom_9fb44eb6._.js:965:74)
    at performUnitOfWork (http://localhost:3000/_next/static/chunks/41cab_next_dist_compiled_react-dom_9fb44eb6._.js:9562:97)
    at workLoopSync (http://localhost:3000/_next/static/chunks/41cab_next_dist_compiled_react-dom_9fb44eb6._.js:9456:40)
    at renderRootSync (http://localhost:3000/_next/static/chunks/41cab_next_dist_compiled_react-dom_9fb44eb6._.js:9440:13)
    at performWorkOnRoot (http://localhost:3000/_next/static/chunks/41cab_next_dist_compiled_react-dom_9fb44eb6._.js:9105:47)
    at performSyncWorkOnRoot (http://localhost:3000/_next/static/chunks/41cab_next_dist_compiled_react-dom_9fb44eb6._.js:10238:9)
    at flushSyncWorkAcrossRoots_impl (http://localhost:3000/_next/static/chunks/41cab_next_dist_compiled_react-dom_9fb44eb6._.js:10154:316)
    at flushSyncWork$1 (http://localhost:3000/_next/static/chunks/41cab_next_dist_compiled_react-dom_9fb44eb6._.js:9237:86)
    at Object.scheduleRefresh (http://localhost:3000/_next/static/chunks/41cab_next_dist_compiled_react-dom_9fb44eb6._.js:299:13)
    at http://localhost:3000/_next/static/chunks/41cab_next_dist_compiled_338d49d0._.js:391:33
    at Set.forEach (<anonymous>)
    at Object.performReactRefresh (http://localhost:3000/_next/static/chunks/41cab_next_dist_compiled_338d49d0._.js:384:38)
    at applyUpdate (http://localhost:3000/_next/static/chunks/41cab_next_dist_compiled_338d49d0._.js:878:31)
    at http://localhost:3000/_next/static/chunks/41cab_next_dist_compiled_338d49d0._.js:886:13 @ http://localhost:3000/_next/static/chunks/41cab_next_dist_f2f6a5d1._.js:3127
[ 2255540ms] [ERROR] %o

%s ReferenceError: viewportWidth is not defined
    at DispatchShell (http://localhost:3000/_next/static/chunks/apps_crm_src_9b8ba1ab._.js?id=%255Bproject%255D%252Fapps%252Fcrm%252Fsrc%252Fcomponents%252Fcommand-center%252Fcanvas%252Fdispatch-shell.tsx+%255Bapp-client%255D+%2528ecmascript%2529:425:28)
    at Object.react_stack_bottom_frame (http://localhost:3000/_next/static/chunks/41cab_next_dist_compiled_react-dom_9fb44eb6._.js:14826:24)
    at renderWithHooks (http://localhost:3000/_next/static/chunks/41cab_next_dist_compiled_react-dom_9fb44eb6._.js:4651:24)
    at updateFunctionComponent (http://localhost:3000/_next/static/chunks/41cab_next_dist_compiled_react-dom_9fb44eb6._.js:6112:21)
    at beginWork (http://localhost:3000/_next/static/chunks/41cab_next_dist_compiled_react-dom_9fb44eb6._.js:6708:24)
    at runWithFiberInDEV (http://localhost:3000/_next/static/chunks/41cab_next_dist_compiled_react-dom_9fb44eb6._.js:965:74)
    at performUnitOfWork (http://localhost:3000/_next/static/chunks/41cab_next_dist_compiled_react-dom_9fb44eb6._.js:9562:97)
    at workLoopSync (http://localhost:3000/_next/static/chunks/41cab_next_dist_compiled_react-dom_9fb44eb6._.js:9456:40)
    at renderRootSync (http://localhost:3000/_next/static/chunks/41cab_next_dist_compiled_react-dom_9fb44eb6._.js:9440:13)
    at performWorkOnRoot (http://localhost:3000/_next/static/chunks/41cab_next_dist_compiled_react-dom_9fb44eb6._.js:9105:47)
    at performSyncWorkOnRoot (http://localhost:3000/_next/static/chunks/41cab_next_dist_compiled_react-dom_9fb44eb6._.js:10238:9)
    at flushSyncWorkAcrossRoots_impl (http://localhost:3000/_next/static/chunks/41cab_next_dist_compiled_react-dom_9fb44eb6._.js:10154:316)
    at flushSyncWork$1 (http://localhost:3000/_next/static/chunks/41cab_next_dist_compiled_react-dom_9fb44eb6._.js:9237:86)
    at Object.scheduleRefresh (http://localhost:3000/_next/static/chunks/41cab_next_dist_compiled_react-dom_9fb44eb6._.js:299:13)
    at http://localhost:3000/_next/static/chunks/41cab_next_dist_compiled_338d49d0._.js:391:33
    at Set.forEach (<anonymous>)
    at Object.performReactRefresh (http://localhost:3000/_next/static/chunks/41cab_next_dist_compiled_338d49d0._.js:384:38)
    at applyUpdate (http://localhost:3000/_next/static/chunks/41cab_next_dist_compiled_338d49d0._.js:878:31)
    at http://localhost:3000/_next/static/chunks/41cab_next_dist_compiled_338d49d0._.js:886:13 The above error occurred in the <DispatchShell> component. It was handled by the <ErrorBoundaryHandler> error boundary. @ http://localhost:3000/_next/static/chunks/41cab_next_dist_client_08acc968._.js:1342
[ 2255556ms] [ERROR] Dashboard error: ReferenceError: viewportWidth is not defined
    at DispatchShell (http://localhost:3000/_next/static/chunks/apps_crm_src_9b8ba1ab._.js?id=%255Bproject%255D%252Fapps%252Fcrm%252Fsrc%252Fcomponents%252Fcommand-center%252Fcanvas%252Fdispatch-shell.tsx+%255Bapp-client%255D+%2528ecmascript%2529:425:28)
    at Object.react_stack_bottom_frame (http://localhost:3000/_next/static/chunks/41cab_next_dist_compiled_react-dom_9fb44eb6._.js:14826:24)
    at renderWithHooks (http://localhost:3000/_next/static/chunks/41cab_next_dist_compiled_react-dom_9fb44eb6._.js:4651:24)
    at updateFunctionComponent (http://localhost:3000/_next/static/chunks/41cab_next_dist_compiled_react-dom_9fb44eb6._.js:6112:21)
    at beginWork (http://localhost:3000/_next/static/chunks/41cab_next_dist_compiled_react-dom_9fb44eb6._.js:6708:24)
    at runWithFiberInDEV (http://localhost:3000/_next/static/chunks/41cab_next_dist_compiled_react-dom_9fb44eb6._.js:965:74)
    at performUnitOfWork (http://localhost:3000/_next/static/chunks/41cab_next_dist_compiled_react-dom_9fb44eb6._.js:9562:97)
    at workLoopSync (http://localhost:3000/_next/static/chunks/41cab_next_dist_compiled_react-dom_9fb44eb6._.js:9456:40)
    at renderRootSync (http://localhost:3000/_next/static/chunks/41cab_next_dist_compiled_react-dom_9fb44eb6._.js:9440:13)
    at performWorkOnRoot (http://localhost:3000/_next/static/chunks/41cab_next_dist_compiled_react-dom_9fb44eb6._.js:9105:47)
    at performSyncWorkOnRoot (http://localhost:3000/_next/static/chunks/41cab_next_dist_compiled_react-dom_9fb44eb6._.js:10238:9)
    at flushSyncWorkAcrossRoots_impl (http://localhost:3000/_next/static/chunks/41cab_next_dist_compiled_react-dom_9fb44eb6._.js:10154:316)
    at flushSyncWork$1 (http://localhost:3000/_next/static/chunks/41cab_next_dist_compiled_react-dom_9fb44eb6._.js:9237:86)
    at Object.scheduleRefresh (http://localhost:3000/_next/static/chunks/41cab_next_dist_compiled_react-dom_9fb44eb6._.js:299:13)
    at http://localhost:3000/_next/static/chunks/41cab_next_dist_compiled_338d49d0._.js:391:33
    at Set.forEach (<anonymous>)
    at Object.performReactRefresh (http://localhost:3000/_next/static/chunks/41cab_next_dist_compiled_338d49d0._.js:384:38)
    at applyUpdate (http://localhost:3000/_next/static/chunks/41cab_next_dist_compiled_338d49d0._.js:878:31)
    at http://localhost:3000/_next/static/chunks/41cab_next_dist_compiled_338d49d0._.js:886:13 @ http://localhost:3000/_next/static/chunks/41cab_next_dist_f2f6a5d1._.js:3127
[ 2255561ms] [ERROR] Dashboard error: ReferenceError: viewportWidth is not defined
    at DispatchShell (http://localhost:3000/_next/static/chunks/apps_crm_src_9b8ba1ab._.js?id=%255Bproject%255D%252Fapps%252Fcrm%252Fsrc%252Fcomponents%252Fcommand-center%252Fcanvas%252Fdispatch-shell.tsx+%255Bapp-client%255D+%2528ecmascript%2529:425:28)
    at Object.react_stack_bottom_frame (http://localhost:3000/_next/static/chunks/41cab_next_dist_compiled_react-dom_9fb44eb6._.js:14826:24)
    at renderWithHooks (http://localhost:3000/_next/static/chunks/41cab_next_dist_compiled_react-dom_9fb44eb6._.js:4651:24)
    at updateFunctionComponent (http://localhost:3000/_next/static/chunks/41cab_next_dist_compiled_react-dom_9fb44eb6._.js:6112:21)
    at beginWork (http://localhost:3000/_next/static/chunks/41cab_next_dist_compiled_react-dom_9fb44eb6._.js:6708:24)
    at runWithFiberInDEV (http://localhost:3000/_next/static/chunks/41cab_next_dist_compiled_react-dom_9fb44eb6._.js:965:74)
    at performUnitOfWork (http://localhost:3000/_next/static/chunks/41cab_next_dist_compiled_react-dom_9fb44eb6._.js:9562:97)
    at workLoopSync (http://localhost:3000/_next/static/chunks/41cab_next_dist_compiled_react-dom_9fb44eb6._.js:9456:40)
    at renderRootSync (http://localhost:3000/_next/static/chunks/41cab_next_dist_compiled_react-dom_9fb44eb6._.js:9440:13)
    at performWorkOnRoot (http://localhost:3000/_next/static/chunks/41cab_next_dist_compiled_react-dom_9fb44eb6._.js:9105:47)
    at performSyncWorkOnRoot (http://localhost:3000/_next/static/chunks/41cab_next_dist_compiled_react-dom_9fb44eb6._.js:10238:9)
    at flushSyncWorkAcrossRoots_impl (http://localhost:3000/_next/static/chunks/41cab_next_dist_compiled_react-dom_9fb44eb6._.js:10154:316)
    at flushSyncWork$1 (http://localhost:3000/_next/static/chunks/41cab_next_dist_compiled_react-dom_9fb44eb6._.js:9237:86)
    at Object.scheduleRefresh (http://localhost:3000/_next/static/chunks/41cab_next_dist_compiled_react-dom_9fb44eb6._.js:299:13)
    at http://localhost:3000/_next/static/chunks/41cab_next_dist_compiled_338d49d0._.js:391:33
    at Set.forEach (<anonymous>)
    at Object.performReactRefresh (http://localhost:3000/_next/static/chunks/41cab_next_dist_compiled_338d49d0._.js:384:38)
    at applyUpdate (http://localhost:3000/_next/static/chunks/41cab_next_dist_compiled_338d49d0._.js:878:31)
    at http://localhost:3000/_next/static/chunks/41cab_next_dist_compiled_338d49d0._.js:886:13 @ http://localhost:3000/_next/static/chunks/41cab_next_dist_f2f6a5d1._.js:3127
[ 2369917ms] [ERROR] %o

%s TypeError: Cannot read properties of undefined (reading 'map')
    at TimelinePane (http://localhost:3000/_next/static/chunks/apps_crm_src_9b8ba1ab._.js?id=%255Bproject%255D%252Fapps%252Fcrm%252Fsrc%252Fcomponents%252Fcommand-center%252Fcanvas%252Ftimeline-pane.tsx+%255Bapp-client%255D+%2528ecmascript%2529:174:43)
    at Object.react_stack_bottom_frame (http://localhost:3000/_next/static/chunks/41cab_next_dist_compiled_react-dom_9fb44eb6._.js:14826:24)
    at renderWithHooks (http://localhost:3000/_next/static/chunks/41cab_next_dist_compiled_react-dom_9fb44eb6._.js:4651:24)
    at updateFunctionComponent (http://localhost:3000/_next/static/chunks/41cab_next_dist_compiled_react-dom_9fb44eb6._.js:6112:21)
    at beginWork (http://localhost:3000/_next/static/chunks/41cab_next_dist_compiled_react-dom_9fb44eb6._.js:6708:24)
    at runWithFiberInDEV (http://localhost:3000/_next/static/chunks/41cab_next_dist_compiled_react-dom_9fb44eb6._.js:965:74)
    at performUnitOfWork (http://localhost:3000/_next/static/chunks/41cab_next_dist_compiled_react-dom_9fb44eb6._.js:9562:97)
    at workLoopSync (http://localhost:3000/_next/static/chunks/41cab_next_dist_compiled_react-dom_9fb44eb6._.js:9456:40)
    at renderRootSync (http://localhost:3000/_next/static/chunks/41cab_next_dist_compiled_react-dom_9fb44eb6._.js:9440:13)
    at performWorkOnRoot (http://localhost:3000/_next/static/chunks/41cab_next_dist_compiled_react-dom_9fb44eb6._.js:9105:47)
    at performSyncWorkOnRoot (http://localhost:3000/_next/static/chunks/41cab_next_dist_compiled_react-dom_9fb44eb6._.js:10238:9)
    at flushSyncWorkAcrossRoots_impl (http://localhost:3000/_next/static/chunks/41cab_next_dist_compiled_react-dom_9fb44eb6._.js:10154:316)
    at flushSyncWork$1 (http://localhost:3000/_next/static/chunks/41cab_next_dist_compiled_react-dom_9fb44eb6._.js:9237:86)
    at Object.scheduleRefresh (http://localhost:3000/_next/static/chunks/41cab_next_dist_compiled_react-dom_9fb44eb6._.js:299:13)
    at http://localhost:3000/_next/static/chunks/41cab_next_dist_compiled_338d49d0._.js:391:33
    at Set.forEach (<anonymous>)
    at Object.performReactRefresh (http://localhost:3000/_next/static/chunks/41cab_next_dist_compiled_338d49d0._.js:384:38)
    at applyUpdate (http://localhost:3000/_next/static/chunks/41cab_next_dist_compiled_338d49d0._.js:878:31)
    at http://localhost:3000/_next/static/chunks/41cab_next_dist_compiled_338d49d0._.js:886:13 The above error occurred in the <TimelinePane> component. It was handled by the <ErrorBoundaryHandler> error boundary. @ http://localhost:3000/_next/static/chunks/41cab_next_dist_client_08acc968._.js:1342
[ 2369956ms] [ERROR] Dashboard error: TypeError: Cannot read properties of undefined (reading 'map')
    at TimelinePane (http://localhost:3000/_next/static/chunks/apps_crm_src_9b8ba1ab._.js?id=%255Bproject%255D%252Fapps%252Fcrm%252Fsrc%252Fcomponents%252Fcommand-center%252Fcanvas%252Ftimeline-pane.tsx+%255Bapp-client%255D+%2528ecmascript%2529:174:43)
    at Object.react_stack_bottom_frame (http://localhost:3000/_next/static/chunks/41cab_next_dist_compiled_react-dom_9fb44eb6._.js:14826:24)
    at renderWithHooks (http://localhost:3000/_next/static/chunks/41cab_next_dist_compiled_react-dom_9fb44eb6._.js:4651:24)
    at updateFunctionComponent (http://localhost:3000/_next/static/chunks/41cab_next_dist_compiled_react-dom_9fb44eb6._.js:6112:21)
    at beginWork (http://localhost:3000/_next/static/chunks/41cab_next_dist_compiled_react-dom_9fb44eb6._.js:6708:24)
    at runWithFiberInDEV (http://localhost:3000/_next/static/chunks/41cab_next_dist_compiled_react-dom_9fb44eb6._.js:965:74)
    at performUnitOfWork (http://localhost:3000/_next/static/chunks/41cab_next_dist_compiled_react-dom_9fb44eb6._.js:9562:97)
    at workLoopSync (http://localhost:3000/_next/static/chunks/41cab_next_dist_compiled_react-dom_9fb44eb6._.js:9456:40)
    at renderRootSync (http://localhost:3000/_next/static/chunks/41cab_next_dist_compiled_react-dom_9fb44eb6._.js:9440:13)
    at performWorkOnRoot (http://localhost:3000/_next/static/chunks/41cab_next_dist_compiled_react-dom_9fb44eb6._.js:9105:47)
    at performSyncWorkOnRoot (http://localhost:3000/_next/static/chunks/41cab_next_dist_compiled_react-dom_9fb44eb6._.js:10238:9)
    at flushSyncWorkAcrossRoots_impl (http://localhost:3000/_next/static/chunks/41cab_next_dist_compiled_react-dom_9fb44eb6._.js:10154:316)
    at flushSyncWork$1 (http://localhost:3000/_next/static/chunks/41cab_next_dist_compiled_react-dom_9fb44eb6._.js:9237:86)
    at Object.scheduleRefresh (http://localhost:3000/_next/static/chunks/41cab_next_dist_compiled_react-dom_9fb44eb6._.js:299:13)
    at http://localhost:3000/_next/static/chunks/41cab_next_dist_compiled_338d49d0._.js:391:33
    at Set.forEach (<anonymous>)
    at Object.performReactRefresh (http://localhost:3000/_next/static/chunks/41cab_next_dist_compiled_338d49d0._.js:384:38)
    at applyUpdate (http://localhost:3000/_next/static/chunks/41cab_next_dist_compiled_338d49d0._.js:878:31)
    at http://localhost:3000/_next/static/chunks/41cab_next_dist_compiled_338d49d0._.js:886:13 @ http://localhost:3000/_next/static/chunks/41cab_next_dist_f2f6a5d1._.js:3127
[ 2369961ms] [ERROR] Dashboard error: TypeError: Cannot read properties of undefined (reading 'map')
    at TimelinePane (http://localhost:3000/_next/static/chunks/apps_crm_src_9b8ba1ab._.js?id=%255Bproject%255D%252Fapps%252Fcrm%252Fsrc%252Fcomponents%252Fcommand-center%252Fcanvas%252Ftimeline-pane.tsx+%255Bapp-client%255D+%2528ecmascript%2529:174:43)
    at Object.react_stack_bottom_frame (http://localhost:3000/_next/static/chunks/41cab_next_dist_compiled_react-dom_9fb44eb6._.js:14826:24)
    at renderWithHooks (http://localhost:3000/_next/static/chunks/41cab_next_dist_compiled_react-dom_9fb44eb6._.js:4651:24)
    at updateFunctionComponent (http://localhost:3000/_next/static/chunks/41cab_next_dist_compiled_react-dom_9fb44eb6._.js:6112:21)
    at beginWork (http://localhost:3000/_next/static/chunks/41cab_next_dist_compiled_react-dom_9fb44eb6._.js:6708:24)
    at runWithFiberInDEV (http://localhost:3000/_next/static/chunks/41cab_next_dist_compiled_react-dom_9fb44eb6._.js:965:74)
    at performUnitOfWork (http://localhost:3000/_next/static/chunks/41cab_next_dist_compiled_react-dom_9fb44eb6._.js:9562:97)
    at workLoopSync (http://localhost:3000/_next/static/chunks/41cab_next_dist_compiled_react-dom_9fb44eb6._.js:9456:40)
    at renderRootSync (http://localhost:3000/_next/static/chunks/41cab_next_dist_compiled_react-dom_9fb44eb6._.js:9440:13)
    at performWorkOnRoot (http://localhost:3000/_next/static/chunks/41cab_next_dist_compiled_react-dom_9fb44eb6._.js:9105:47)
    at performSyncWorkOnRoot (http://localhost:3000/_next/static/chunks/41cab_next_dist_compiled_react-dom_9fb44eb6._.js:10238:9)
    at flushSyncWorkAcrossRoots_impl (http://localhost:3000/_next/static/chunks/41cab_next_dist_compiled_react-dom_9fb44eb6._.js:10154:316)
    at flushSyncWork$1 (http://localhost:3000/_next/static/chunks/41cab_next_dist_compiled_react-dom_9fb44eb6._.js:9237:86)
    at Object.scheduleRefresh (http://localhost:3000/_next/static/chunks/41cab_next_dist_compiled_react-dom_9fb44eb6._.js:299:13)
    at http://localhost:3000/_next/static/chunks/41cab_next_dist_compiled_338d49d0._.js:391:33
    at Set.forEach (<anonymous>)
    at Object.performReactRefresh (http://localhost:3000/_next/static/chunks/41cab_next_dist_compiled_338d49d0._.js:384:38)
    at applyUpdate (http://localhost:3000/_next/static/chunks/41cab_next_dist_compiled_338d49d0._.js:878:31)
    at http://localhost:3000/_next/static/chunks/41cab_next_dist_compiled_338d49d0._.js:886:13 @ http://localhost:3000/_next/static/chunks/41cab_next_dist_f2f6a5d1._.js:3127
