[   26507ms] [WARNING] Button: Icon-only buttons should have an aria-label for accessibility. @ http://localhost:3000/_next/static/chunks/41cab_next_dist_f2f6a5d1._.js:2297
[   26509ms] [WARNING] Button: Icon-only buttons should have an aria-label for accessibility. @ http://localhost:3000/_next/static/chunks/41cab_next_dist_f2f6a5d1._.js:2297
[   26656ms] [WARNING] Button: Icon-only buttons should have an aria-label for accessibility. @ http://localhost:3000/_next/static/chunks/41cab_next_dist_f2f6a5d1._.js:2297
[   26656ms] [WARNING] Button: Icon-only buttons should have an aria-label for accessibility. @ http://localhost:3000/_next/static/chunks/41cab_next_dist_f2f6a5d1._.js:2297
[  652814ms] [ERROR] %o

%s ReferenceError: children is not defined
    at GuideForm (http://localhost:3000/_next/static/chunks/apps_crm_src_097c828f._.js?id=%255Bproject%255D%252Fapps%252Fcrm%252Fsrc%252Fcomponents%252Fguides%252Fguide-form.tsx+%255Bapp-client%255D+%2528ecmascript%2529:965:13)
    at Object.react_stack_bottom_frame (http://localhost:3000/_next/static/chunks/41cab_next_dist_compiled_react-dom_9fb44eb6._.js:14826:24)
    at renderWithHooks (http://localhost:3000/_next/static/chunks/41cab_next_dist_compiled_react-dom_9fb44eb6._.js:4651:24)
    at updateFunctionComponent (http://localhost:3000/_next/static/chunks/41cab_next_dist_compiled_react-dom_9fb44eb6._.js:6112:21)
    at beginWork (http://localhost:3000/_next/static/chunks/41cab_next_dist_compiled_react-dom_9fb44eb6._.js:6708:24)
    at runWithFiberInDEV (http://localhost:3000/_next/static/chunks/41cab_next_dist_compiled_react-dom_9fb44eb6._.js:965:74)
    at performUnitOfWork (http://localhost:3000/_next/static/chunks/41cab_next_dist_compiled_react-dom_9fb44eb6._.js:9562:97)
    at workLoopSync (http://localhost:3000/_next/static/chunks/41cab_next_dist_compiled_react-dom_9fb44eb6._.js:9456:40)
    at renderRootSync (http://localhost:3000/_next/static/chunks/41cab_next_dist_compiled_react-dom_9fb44eb6._.js:9440:13)
    at performWorkOnRoot (http://localhost:3000/_next/static/chunks/41cab_next_dist_compiled_react-dom_9fb44eb6._.js:9105:47)
    at performSyncWorkOnRoot (http://localhost:3000/_next/static/chunks/41cab_next_dist_compiled_react-dom_9fb44eb6._.js:10238:9)
    at flushSyncWorkAcrossRoots_impl (http://localhost:3000/_next/static/chunks/41cab_next_dist_compiled_react-dom_9fb44eb6._.js:10154:316)
    at flushSyncWork$1 (http://localhost:3000/_next/static/chunks/41cab_next_dist_compiled_react-dom_9fb44eb6._.js:9237:86)
    at Object.scheduleRefresh (http://localhost:3000/_next/static/chunks/41cab_next_dist_compiled_react-dom_9fb44eb6._.js:299:13)
    at http://localhost:3000/_next/static/chunks/41cab_next_dist_compiled_338d49d0._.js:391:33
    at Set.forEach (<anonymous>)
    at Object.performReactRefresh (http://localhost:3000/_next/static/chunks/41cab_next_dist_compiled_338d49d0._.js:384:38)
    at applyUpdate (http://localhost:3000/_next/static/chunks/41cab_next_dist_compiled_338d49d0._.js:878:31)
    at http://localhost:3000/_next/static/chunks/41cab_next_dist_compiled_338d49d0._.js:886:13 The above error occurred in the <GuideForm> component. It was handled by the <ErrorBoundaryHandler> error boundary. @ http://localhost:3000/_next/static/chunks/41cab_next_dist_client_08acc968._.js:1342
[  652834ms] [ERROR] Dashboard error: ReferenceError: children is not defined
    at GuideForm (http://localhost:3000/_next/static/chunks/apps_crm_src_097c828f._.js?id=%255Bproject%255D%252Fapps%252Fcrm%252Fsrc%252Fcomponents%252Fguides%252Fguide-form.tsx+%255Bapp-client%255D+%2528ecmascript%2529:965:13)
    at Object.react_stack_bottom_frame (http://localhost:3000/_next/static/chunks/41cab_next_dist_compiled_react-dom_9fb44eb6._.js:14826:24)
    at renderWithHooks (http://localhost:3000/_next/static/chunks/41cab_next_dist_compiled_react-dom_9fb44eb6._.js:4651:24)
    at updateFunctionComponent (http://localhost:3000/_next/static/chunks/41cab_next_dist_compiled_react-dom_9fb44eb6._.js:6112:21)
    at beginWork (http://localhost:3000/_next/static/chunks/41cab_next_dist_compiled_react-dom_9fb44eb6._.js:6708:24)
    at runWithFiberInDEV (http://localhost:3000/_next/static/chunks/41cab_next_dist_compiled_react-dom_9fb44eb6._.js:965:74)
    at performUnitOfWork (http://localhost:3000/_next/static/chunks/41cab_next_dist_compiled_react-dom_9fb44eb6._.js:9562:97)
    at workLoopSync (http://localhost:3000/_next/static/chunks/41cab_next_dist_compiled_react-dom_9fb44eb6._.js:9456:40)
    at renderRootSync (http://localhost:3000/_next/static/chunks/41cab_next_dist_compiled_react-dom_9fb44eb6._.js:9440:13)
    at performWorkOnRoot (http://localhost:3000/_next/static/chunks/41cab_next_dist_compiled_react-dom_9fb44eb6._.js:9105:47)
    at performSyncWorkOnRoot (http://localhost:3000/_next/static/chunks/41cab_next_dist_compiled_react-dom_9fb44eb6._.js:10238:9)
    at flushSyncWorkAcrossRoots_impl (http://localhost:3000/_next/static/chunks/41cab_next_dist_compiled_react-dom_9fb44eb6._.js:10154:316)
    at flushSyncWork$1 (http://localhost:3000/_next/static/chunks/41cab_next_dist_compiled_react-dom_9fb44eb6._.js:9237:86)
    at Object.scheduleRefresh (http://localhost:3000/_next/static/chunks/41cab_next_dist_compiled_react-dom_9fb44eb6._.js:299:13)
    at http://localhost:3000/_next/static/chunks/41cab_next_dist_compiled_338d49d0._.js:391:33
    at Set.forEach (<anonymous>)
    at Object.performReactRefresh (http://localhost:3000/_next/static/chunks/41cab_next_dist_compiled_338d49d0._.js:384:38)
    at applyUpdate (http://localhost:3000/_next/static/chunks/41cab_next_dist_compiled_338d49d0._.js:878:31)
    at http://localhost:3000/_next/static/chunks/41cab_next_dist_compiled_338d49d0._.js:886:13 @ http://localhost:3000/_next/static/chunks/41cab_next_dist_f2f6a5d1._.js:3127
[  652840ms] [ERROR] Dashboard error: ReferenceError: children is not defined
    at GuideForm (http://localhost:3000/_next/static/chunks/apps_crm_src_097c828f._.js?id=%255Bproject%255D%252Fapps%252Fcrm%252Fsrc%252Fcomponents%252Fguides%252Fguide-form.tsx+%255Bapp-client%255D+%2528ecmascript%2529:965:13)
    at Object.react_stack_bottom_frame (http://localhost:3000/_next/static/chunks/41cab_next_dist_compiled_react-dom_9fb44eb6._.js:14826:24)
    at renderWithHooks (http://localhost:3000/_next/static/chunks/41cab_next_dist_compiled_react-dom_9fb44eb6._.js:4651:24)
    at updateFunctionComponent (http://localhost:3000/_next/static/chunks/41cab_next_dist_compiled_react-dom_9fb44eb6._.js:6112:21)
    at beginWork (http://localhost:3000/_next/static/chunks/41cab_next_dist_compiled_react-dom_9fb44eb6._.js:6708:24)
    at runWithFiberInDEV (http://localhost:3000/_next/static/chunks/41cab_next_dist_compiled_react-dom_9fb44eb6._.js:965:74)
    at performUnitOfWork (http://localhost:3000/_next/static/chunks/41cab_next_dist_compiled_react-dom_9fb44eb6._.js:9562:97)
    at workLoopSync (http://localhost:3000/_next/static/chunks/41cab_next_dist_compiled_react-dom_9fb44eb6._.js:9456:40)
    at renderRootSync (http://localhost:3000/_next/static/chunks/41cab_next_dist_compiled_react-dom_9fb44eb6._.js:9440:13)
    at performWorkOnRoot (http://localhost:3000/_next/static/chunks/41cab_next_dist_compiled_react-dom_9fb44eb6._.js:9105:47)
    at performSyncWorkOnRoot (http://localhost:3000/_next/static/chunks/41cab_next_dist_compiled_react-dom_9fb44eb6._.js:10238:9)
    at flushSyncWorkAcrossRoots_impl (http://localhost:3000/_next/static/chunks/41cab_next_dist_compiled_react-dom_9fb44eb6._.js:10154:316)
    at flushSyncWork$1 (http://localhost:3000/_next/static/chunks/41cab_next_dist_compiled_react-dom_9fb44eb6._.js:9237:86)
    at Object.scheduleRefresh (http://localhost:3000/_next/static/chunks/41cab_next_dist_compiled_react-dom_9fb44eb6._.js:299:13)
    at http://localhost:3000/_next/static/chunks/41cab_next_dist_compiled_338d49d0._.js:391:33
    at Set.forEach (<anonymous>)
    at Object.performReactRefresh (http://localhost:3000/_next/static/chunks/41cab_next_dist_compiled_338d49d0._.js:384:38)
    at applyUpdate (http://localhost:3000/_next/static/chunks/41cab_next_dist_compiled_338d49d0._.js:878:31)
    at http://localhost:3000/_next/static/chunks/41cab_next_dist_compiled_338d49d0._.js:886:13 @ http://localhost:3000/_next/static/chunks/41cab_next_dist_f2f6a5d1._.js:3127
[  660908ms] [WARNING] Button: Icon-only buttons should have an aria-label for accessibility. @ http://localhost:3000/_next/static/chunks/41cab_next_dist_f2f6a5d1._.js:2297
[  660920ms] [WARNING] Button: Icon-only buttons should have an aria-label for accessibility. @ http://localhost:3000/_next/static/chunks/41cab_next_dist_f2f6a5d1._.js:2297
[  661176ms] [WARNING] Button: Icon-only buttons should have an aria-label for accessibility. @ http://localhost:3000/_next/static/chunks/41cab_next_dist_f2f6a5d1._.js:2297
[  661176ms] [WARNING] Button: Icon-only buttons should have an aria-label for accessibility. @ http://localhost:3000/_next/static/chunks/41cab_next_dist_f2f6a5d1._.js:2297
[  663199ms] [WARNING] Button: Icon-only buttons should have an aria-label for accessibility. @ http://localhost:3000/_next/static/chunks/41cab_next_dist_f2f6a5d1._.js:2297
[  663200ms] [WARNING] Button: Icon-only buttons should have an aria-label for accessibility. @ http://localhost:3000/_next/static/chunks/41cab_next_dist_f2f6a5d1._.js:2297
[ 1023460ms] [WARNING] Button: Icon-only buttons should have an aria-label for accessibility. @ http://localhost:3000/_next/static/chunks/41cab_next_dist_f2f6a5d1._.js:2297
[ 1023461ms] [WARNING] Button: Icon-only buttons should have an aria-label for accessibility. @ http://localhost:3000/_next/static/chunks/41cab_next_dist_f2f6a5d1._.js:2297
[ 1023479ms] [WARNING] Button: Icon-only buttons should have an aria-label for accessibility. @ http://localhost:3000/_next/static/chunks/41cab_next_dist_f2f6a5d1._.js:2297
[ 1023479ms] [WARNING] Button: Icon-only buttons should have an aria-label for accessibility. @ http://localhost:3000/_next/static/chunks/41cab_next_dist_f2f6a5d1._.js:2297
[ 2020480ms] [ERROR] Failed to load resource: the server responded with a status of 408 (Request Timeout) @ http://localhost:3000/org/demo-tours/command-center?_rsc=5zwky:0
[ 2020536ms] [ERROR] Failed to load resource: net::ERR_CONNECTION_RESET @ http://localhost:3000/org/demo-tours/command-center?_rsc=5zwky:0
[ 3469624ms] [ERROR] Failed to load resource: net::ERR_INCOMPLETE_CHUNKED_ENCODING @ http://localhost:3000/org/demo-tours/command-center?_rsc=5zwky:0
[ 3469646ms] [ERROR] Failed to fetch RSC payload for http://localhost:3000/org/demo-tours/command-center. Falling back to browser navigation. TypeError: network error @ http://localhost:3000/_next/static/chunks/41cab_next_dist_f2f6a5d1._.js:3127
[ 3471934ms] [ERROR] Failed to load resource: net::ERR_INCOMPLETE_CHUNKED_ENCODING @ http://localhost:3000/org/demo-tours/command-center?_rsc=5zwky:0
[ 3471936ms] [ERROR] Failed to fetch RSC payload for http://localhost:3000/org/demo-tours/command-center. Falling back to browser navigation. TypeError: network error @ http://localhost:3000/_next/static/chunks/41cab_next_dist_f2f6a5d1._.js:3127
[ 3474176ms] [ERROR] Failed to load resource: net::ERR_INCOMPLETE_CHUNKED_ENCODING @ http://localhost:3000/org/demo-tours/command-center?_rsc=5zwky:0
[ 3474179ms] [ERROR] Failed to fetch RSC payload for http://localhost:3000/org/demo-tours/command-center. Falling back to browser navigation. TypeError: network error @ http://localhost:3000/_next/static/chunks/41cab_next_dist_f2f6a5d1._.js:3127
[ 3478320ms] [ERROR] Failed to load resource: net::ERR_INCOMPLETE_CHUNKED_ENCODING @ http://localhost:3000/org/demo-tours/command-center?_rsc=5zwky:0
[ 3478339ms] [ERROR] Failed to fetch RSC payload for http://localhost:3000/org/demo-tours/command-center. Falling back to browser navigation. TypeError: network error @ http://localhost:3000/_next/static/chunks/41cab_next_dist_f2f6a5d1._.js:3127
[ 3482796ms] [ERROR] Failed to load resource: net::ERR_INCOMPLETE_CHUNKED_ENCODING @ http://localhost:3000/org/demo-tours/command-center?_rsc=5zwky:0
[ 3482825ms] [ERROR] Failed to fetch RSC payload for http://localhost:3000/org/demo-tours/command-center. Falling back to browser navigation. TypeError: network error @ http://localhost:3000/_next/static/chunks/41cab_next_dist_f2f6a5d1._.js:3127
[ 3489239ms] [ERROR] Failed to load resource: net::ERR_CONNECTION_REFUSED @ http://localhost:3000/org/demo-tours/command-center?_rsc=5zwky:0
[ 3489245ms] [ERROR] Failed to fetch RSC payload for http://localhost:3000/org/demo-tours/command-center. Falling back to browser navigation. TypeError: Failed to fetch
    at createFetch (http://localhost:3000/_next/static/chunks/41cab_next_dist_client_08acc968._.js:2588:24)
    at fetchServerResponse (http://localhost:3000/_next/static/chunks/41cab_next_dist_client_08acc968._.js:2490:27)
    at fetchMissingDynamicData (http://localhost:3000/_next/static/chunks/41cab_next_dist_client_08acc968._.js:3654:75)
    at spawnDynamicRequests (http://localhost:3000/_next/static/chunks/41cab_next_dist_client_08acc968._.js:3501:35)
    at navigateToSeededRoute (http://localhost:3000/_next/static/chunks/41cab_next_dist_client_08acc968._.js:7739:50)
    at refreshDynamicData (http://localhost:3000/_next/static/chunks/41cab_next_dist_client_08acc968._.js:8345:58)
    at hmrRefreshReducer (http://localhost:3000/_next/static/chunks/41cab_next_dist_client_08acc968._.js:8511:51)
    at clientReducer (http://localhost:3000/_next/static/chunks/41cab_next_dist_client_08acc968._.js:9079:65)
    at Object.action (http://localhost:3000/_next/static/chunks/41cab_next_dist_client_08acc968._.js:9308:55)
    at runAction (http://localhost:3000/_next/static/chunks/41cab_next_dist_client_08acc968._.js:9213:38)
    at dispatchAction (http://localhost:3000/_next/static/chunks/41cab_next_dist_client_08acc968._.js:9276:9)
    at Object.dispatch (http://localhost:3000/_next/static/chunks/41cab_next_dist_client_08acc968._.js:9306:40)
    at http://localhost:3000/_next/static/chunks/41cab_next_dist_client_08acc968._.js:1489:29
    at startTransition (http://localhost:3000/_next/static/chunks/41cab_next_dist_compiled_react-dom_9fb44eb6._.js:5500:31)
    at dispatch (http://localhost:3000/_next/static/chunks/41cab_next_dist_client_08acc968._.js:1488:13)
    at dispatchAppRouterAction (http://localhost:3000/_next/static/chunks/41cab_next_dist_client_08acc968._.js:1470:5)
    at http://localhost:3000/_next/static/chunks/41cab_next_dist_client_08acc968._.js:9437:61
    at startTransition (http://localhost:3000/_next/static/chunks/41cab_next_dist_compiled_338d49d0._.js:1279:31)
    at Object.hmrRefresh (http://localhost:3000/_next/static/chunks/41cab_next_dist_client_08acc968._.js:9436:40)
    at http://localhost:3000/_next/static/chunks/41cab_next_dist_client_08acc968._.js:11618:64
    at startTransition (http://localhost:3000/_next/static/chunks/41cab_next_dist_compiled_338d49d0._.js:1279:31)
    at processMessage (http://localhost:3000/_next/static/chunks/41cab_next_dist_client_08acc968._.js:11617:44)
    at WebSocket.handleMessage (http://localhost:3000/_next/static/chunks/41cab_next_dist_client_08acc968._.js:10912:52) @ http://localhost:3000/_next/static/chunks/41cab_next_dist_f2f6a5d1._.js:3127
[ 3493767ms] [ERROR] Failed to load resource: net::ERR_CONNECTION_REFUSED @ http://localhost:3000/api/trpc/dashboard.getOperationsDashboard?batch=1&input=%7B%220%22%3A%7B%22json%22%3Anull%2C%22meta%22%3A%7B%22values%22%3A%5B%22undefined%22%5D%2C%22v%22%3A1%7D%7D%7D:0
